<?xml version="1.0" encoding="UTF-8"?>
<testsuite name="TicTacToeTest" tests="1" skipped="0" failures="0" errors="0" timestamp="2020-12-21T18:13:40" hostname="MBP-I-ANTIPOV" time="4.379">
  <properties/>
  <testcase name="start" classname="TicTacToeTest" time="4.379"/>
  <system-out><![CDATA[?[1;31m
Start test 1?[0m
---------
|       |
|       |
|       |
---------
Enter the coordinates: > > 1 1
---------
| X     |
|       |
|       |
---------
---------
| X     |
|   O   |
|       |
---------
Enter the coordinates: > > 1 2
---------
| X X   |
|   O   |
|       |
---------
---------
| X X O |
|   O   |
|       |
---------
Enter the coordinates: > > 1 3
This cell is occupied! Choose another one!
Enter the coordinates: > > 2 1
---------
| X X O |
| X O   |
|       |
---------
---------
| X X O |
| X O   |
|     O |
---------
Enter the coordinates: > > 2 2
This cell is occupied! Choose another one!
Enter the coordinates: > > 2 3
---------
| X X O |
| X O X |
|     O |
---------
---------
| X X O |
| X O X |
| O   O |
---------
O wins
?[1;31m
Start test 2?[0m
---------
|       |
|       |
|       |
---------
Enter the coordinates: > > 2 3
---------
|       |
|     X |
|       |
---------
---------
|       |
| O   X |
|       |
---------
Enter the coordinates: > > 3 2
---------
|       |
| O   X |
|   X   |
---------
---------
|       |
| O   X |
|   X O |
---------
Enter the coordinates: > > 1 3
---------
|     X |
| O   X |
|   X O |
---------
---------
|     X |
| O   X |
| O X O |
---------
Enter the coordinates: > > 2 2
---------
|     X |
| O X X |
| O X O |
---------
---------
|   O X |
| O X X |
| O X O |
---------
Enter the coordinates: > > 3 3
This cell is occupied! Choose another one!
Enter the coordinates: > > 1 2
This cell is occupied! Choose another one!
Enter the coordinates: > > 3 1
This cell is occupied! Choose another one!
Enter the coordinates: > > 2 1
This cell is occupied! Choose another one!
Enter the coordinates: > > 1 1
---------
| X O X |
| O X X |
| O X O |
---------
Draw
---------
|       |
|       |
|       |
---------
Enter the coordinates: > > 3 1
---------
|       |
|       |
| X     |
---------
---------
|       |
|     O |
| X     |
---------
Enter the coordinates: > > 2 1
---------
|       |
| X   O |
| X     |
---------
---------
|   O   |
| X   O |
| X     |
---------
Enter the coordinates: > > 1 1
---------
| X O   |
| X   O |
| X     |
---------
X wins
---------
|       |
|       |
|       |
---------
Enter the coordinates: > > 3 3
---------
|       |
|       |
|     X |
---------
---------
| O     |
|       |
|     X |
---------
Enter the coordinates: > > 3 2
---------
| O     |
|       |
|   X X |
---------
---------
| O     |
|     O |
|   X X |
---------
Enter the coordinates: > > 2 1
---------
| O     |
| X   O |
|   X X |
---------
---------
| O O   |
| X   O |
|   X X |
---------
Enter the coordinates: > > 3 1
---------
| O O   |
| X   O |
| X X X |
---------
X wins
---------
|       |
|       |
|       |
---------
Enter the coordinates: > > 2 2
---------
|       |
|   X   |
|       |
---------
---------
|       |
|   X O |
|       |
---------
Enter the coordinates: > > 3 1
---------
|       |
|   X O |
| X     |
---------
---------
|   O   |
|   X O |
| X     |
---------
Enter the coordinates: > > 2 1
---------
|   O   |
| X X O |
| X     |
---------
---------
| O O   |
| X X O |
| X     |
---------
Enter the coordinates: > > 2 3
This cell is occupied! Choose another one!
Enter the coordinates: > > 1 1
This cell is occupied! Choose another one!
Enter the coordinates: > > 1 3
---------
| O O X |
| X X O |
| X     |
---------
X wins
---------
|       |
|       |
|       |
---------
Enter the coordinates: > > 1 3
---------
|     X |
|       |
|       |
---------
---------
|     X |
|       |
| O     |
---------
Enter the coordinates: > > 2 2
---------
|     X |
|   X   |
| O     |
---------
---------
|     X |
|   X   |
| O   O |
---------
Enter the coordinates: > > 3 3
This cell is occupied! Choose another one!
Enter the coordinates: > > 2 3
---------
|     X |
|   X X |
| O   O |
---------
---------
|     X |
|   X X |
| O O O |
---------
O wins
---------
|       |
|       |
|       |
---------
Enter the coordinates: > > 3 2
---------
|       |
|       |
|   X   |
---------
---------
|       |
|     O |
|   X   |
---------
Enter the coordinates: > > 2 2
---------
|       |
|   X O |
|   X   |
---------
---------
|     O |
|   X O |
|   X   |
---------
Enter the coordinates: > > 2 3
This cell is occupied! Choose another one!
Enter the coordinates: > > 3 3
---------
|     O |
|   X O |
|   X X |
---------
---------
|   O O |
|   X O |
|   X X |
---------
Enter the coordinates: > > 1 3
This cell is occupied! Choose another one!
Enter the coordinates: > > 2 1
---------
|   O O |
| X X O |
|   X X |
---------
---------
| O O O |
| X X O |
|   X X |
---------
O wins
---------
|       |
|       |
|       |
---------
Enter the coordinates: > > 3 1
---------
|       |
|       |
| X     |
---------
---------
|       |
| O     |
| X     |
---------
Enter the coordinates: > > 2 3
---------
|       |
| O   X |
| X     |
---------
---------
|       |
| O   X |
| X O   |
---------
Enter the coordinates: > > 2 1
This cell is occupied! Choose another one!
Enter the coordinates: > > 3 3
---------
|       |
| O   X |
| X O X |
---------
---------
|     O |
| O   X |
| X O X |
---------
Enter the coordinates: > > 1 2
---------
|   X O |
| O   X |
| X O X |
---------
---------
| O X O |
| O   X |
| X O X |
---------
Enter the coordinates: > > 1 1
This cell is occupied! Choose another one!
Enter the coordinates: > > 1 3
This cell is occupied! Choose another one!
Enter the coordinates: > > 2 2
---------
| O X O |
| O X X |
| X O X |
---------
Draw
---------
|       |
|       |
|       |
---------
Enter the coordinates: > > 2 2
---------
|       |
|   X   |
|       |
---------
---------
|       |
|   X O |
|       |
---------
Enter the coordinates: > > 1 2
---------
|   X   |
|   X O |
|       |
---------
---------
| O X   |
|   X O |
|       |
---------
Enter the coordinates: > > 3 3
---------
| O X   |
|   X O |
|     X |
---------
---------
| O X O |
|   X O |
|     X |
---------
Enter the coordinates: > > 1 3
This cell is occupied! Choose another one!
Enter the coordinates: > > 2 1
---------
| O X O |
| X X O |
|     X |
---------
---------
| O X O |
| X X O |
| O   X |
---------
Enter the coordinates: > > 3 1
This cell is occupied! Choose another one!
Enter the coordinates: > > 1 1
This cell is occupied! Choose another one!
Enter the coordinates: > > 3 2
---------
| O X O |
| X X O |
| O X X |
---------
X wins
---------
|       |
|       |
|       |
---------
Enter the coordinates: > > 1 1
---------
| X     |
|       |
|       |
---------
---------
| X O   |
|       |
|       |
---------
Enter the coordinates: > > 1 3
---------
| X O X |
|       |
|       |
---------
---------
| X O X |
|       |
| O     |
---------
Enter the coordinates: > > 2 3
---------
| X O X |
|     X |
| O     |
---------
---------
| X O X |
|     X |
| O O   |
---------
Enter the coordinates: > > 3 3
---------
| X O X |
|     X |
| O O X |
---------
X wins
---------
|       |
|       |
|       |
---------
Enter the coordinates: > > 2 1
---------
|       |
| X     |
|       |
---------
---------
|       |
| X     |
|     O |
---------
Enter the coordinates: > > 3 3
This cell is occupied! Choose another one!
Enter the coordinates: > > 1 1
---------
| X     |
| X     |
|     O |
---------
---------
| X O   |
| X     |
|     O |
---------
Enter the coordinates: > > 1 3
---------
| X O X |
| X     |
|     O |
---------
---------
| X O X |
| X     |
|   O O |
---------
Enter the coordinates: > > 3 1
---------
| X O X |
| X     |
| X O O |
---------
X wins
---------
|       |
|       |
|       |
---------
Enter the coordinates: > > 1 3
---------
|     X |
|       |
|       |
---------
---------
|     X |
|       |
|   O   |
---------
Enter the coordinates: > > 2 2
---------
|     X |
|   X   |
|   O   |
---------
---------
| O   X |
|   X   |
|   O   |
---------
Enter the coordinates: > > 1 1
This cell is occupied! Choose another one!
Enter the coordinates: > > 3 2
This cell is occupied! Choose another one!
Enter the coordinates: > > 2 1
---------
| O   X |
| X X   |
|   O   |
---------
---------
| O   X |
| X X   |
| O O   |
---------
Enter the coordinates: > > 2 3
---------
| O   X |
| X X X |
| O O   |
---------
X wins
---------
|       |
|       |
|       |
---------
Enter the coordinates: > > 1 2
---------
|   X   |
|       |
|       |
---------
---------
|   X   |
|       |
|   O   |
---------
Enter the coordinates: > > 3 1
---------
|   X   |
|       |
| X O   |
---------
---------
|   X   |
|   O   |
| X O   |
---------
Enter the coordinates: > > 3 2
This cell is occupied! Choose another one!
Enter the coordinates: > > 2 2
This cell is occupied! Choose another one!
Enter the coordinates: > > 2 3
---------
|   X   |
|   O X |
| X O   |
---------
---------
|   X   |
|   O X |
| X O O |
---------
Enter the coordinates: > > 2 1
---------
|   X   |
| X O X |
| X O O |
---------
---------
| O X   |
| X O X |
| X O O |
---------
O wins
---------
|       |
|       |
|       |
---------
Enter the coordinates: > > 2 2
---------
|       |
|   X   |
|       |
---------
---------
|       |
| O X   |
|       |
---------
Enter the coordinates: > > 1 1
---------
| X     |
| O X   |
|       |
---------
---------
| X     |
| O X   |
|   O   |
---------
Enter the coordinates: > > 1 2
---------
| X X   |
| O X   |
|   O   |
---------
---------
| X X   |
| O X   |
| O O   |
---------
Enter the coordinates: > > 1 3
---------
| X X X |
| O X   |
| O O   |
---------
X wins
---------
|       |
|       |
|       |
---------
Enter the coordinates: > > 3 3
---------
|       |
|       |
|     X |
---------
---------
|       |
|       |
| O   X |
---------
Enter the coordinates: > > 2 2
---------
|       |
|   X   |
| O   X |
---------
---------
| O     |
|   X   |
| O   X |
---------
Enter the coordinates: > > 2 3
---------
| O     |
|   X X |
| O   X |
---------
---------
| O     |
|   X X |
| O O X |
---------
Enter the coordinates: > > 2 1
---------
| O     |
| X X X |
| O O X |
---------
X wins
---------
|       |
|       |
|       |
---------
Enter the coordinates: > > 1 1
---------
| X     |
|       |
|       |
---------
---------
| X   O |
|       |
|       |
---------
Enter the coordinates: > > 1 3
This cell is occupied! Choose another one!
Enter the coordinates: > > 2 2
---------
| X   O |
|   X   |
|       |
---------
---------
| X   O |
|   X   |
|     O |
---------
Enter the coordinates: > > 1 2
---------
| X X O |
|   X   |
|     O |
---------
---------
| X X O |
|   X   |
| O   O |
---------
Enter the coordinates: > > 2 3
---------
| X X O |
|   X X |
| O   O |
---------
---------
| X X O |
| O X X |
| O   O |
---------
Enter the coordinates: > > 2 1
This cell is occupied! Choose another one!
Enter the coordinates: > > 3 1
This cell is occupied! Choose another one!
Enter the coordinates: > > 3 2
---------
| X X O |
| O X X |
| O X O |
---------
X wins
---------
|       |
|       |
|       |
---------
Enter the coordinates: > > 3 1
---------
|       |
|       |
| X     |
---------
---------
|       |
|   O   |
| X     |
---------
Enter the coordinates: > > 1 2
---------
|   X   |
|   O   |
| X     |
---------
---------
|   X   |
|   O O |
| X     |
---------
Enter the coordinates: > > 2 1
---------
|   X   |
| X O O |
| X     |
---------
---------
|   X   |
| X O O |
| X O   |
---------
Enter the coordinates: > > 1 3
---------
|   X X |
| X O O |
| X O   |
---------
---------
| O X X |
| X O O |
| X O   |
---------
Enter the coordinates: > > 3 3
---------
| O X X |
| X O O |
| X O X |
---------
Draw
---------
|       |
|       |
|       |
---------
Enter the coordinates: > > 3 2
---------
|       |
|       |
|   X   |
---------
---------
|       |
|       |
|   X O |
---------
Enter the coordinates: > > 3 3
This cell is occupied! Choose another one!
Enter the coordinates: > > 2 1
---------
|       |
| X     |
|   X O |
---------
---------
|       |
| X   O |
|   X O |
---------
Enter the coordinates: > > 1 1
---------
| X     |
| X   O |
|   X O |
---------
---------
| X O   |
| X   O |
|   X O |
---------
Enter the coordinates: > > 1 2
This cell is occupied! Choose another one!
Enter the coordinates: > > 1 3
---------
| X O X |
| X   O |
|   X O |
---------
---------
| X O X |
| X   O |
| O X O |
---------
Enter the coordinates: > > 3 1
This cell is occupied! Choose another one!
Enter the coordinates: > > 2 3
This cell is occupied! Choose another one!
Enter the coordinates: > > 2 2
---------
| X O X |
| X X O |
| O X O |
---------
Draw
---------
|       |
|       |
|       |
---------
Enter the coordinates: > > 1 3
---------
|     X |
|       |
|       |
---------
---------
|     X |
|     O |
|       |
---------
Enter the coordinates: > > 1 1
---------
| X   X |
|     O |
|       |
---------
---------
| X   X |
|     O |
| O     |
---------
Enter the coordinates: > > 1 2
---------
| X X X |
|     O |
| O     |
---------
X wins
---------
|       |
|       |
|       |
---------
Enter the coordinates: > > 2 1
---------
|       |
| X     |
|       |
---------
---------
|       |
| X     |
| O     |
---------
Enter the coordinates: > > 2 2
---------
|       |
| X X   |
| O     |
---------
---------
|       |
| X X   |
| O   O |
---------
Enter the coordinates: > > 3 3
This cell is occupied! Choose another one!
Enter the coordinates: > > 1 2
---------
|   X   |
| X X   |
| O   O |
---------
---------
|   X   |
| X X   |
| O O O |
---------
O wins
---------
|       |
|       |
|       |
---------
Enter the coordinates: > > 3 2
---------
|       |
|       |
|   X   |
---------
---------
|       |
|     O |
|   X   |
---------
Enter the coordinates: > > 1 1
---------
| X     |
|     O |
|   X   |
---------
---------
| X     |
|     O |
| O X   |
---------
Enter the coordinates: > > 2 2
---------
| X     |
|   X O |
| O X   |
---------
---------
| X     |
| O X O |
| O X   |
---------
Enter the coordinates: > > 3 1
This cell is occupied! Choose another one!
Enter the coordinates: > > 3 3
---------
| X     |
| O X O |
| O X X |
---------
X wins
---------
|       |
|       |
|       |
---------
Enter the coordinates: > > 2 2
---------
|       |
|   X   |
|       |
---------
---------
|       |
|   X O |
|       |
---------
Enter the coordinates: > > 3 3
---------
|       |
|   X O |
|     X |
---------
---------
|       |
|   X O |
|   O X |
---------
Enter the coordinates: > > 1 3
---------
|     X |
|   X O |
|   O X |
---------
---------
|     X |
| O X O |
|   O X |
---------
Enter the coordinates: > > 2 1
This cell is occupied! Choose another one!
Enter the coordinates: > > 1 1
---------
| X   X |
| O X O |
|   O X |
---------
X wins
---------
|       |
|       |
|       |
---------
Enter the coordinates: > > 1 3
---------
|     X |
|       |
|       |
---------
---------
|     X |
|       |
| O     |
---------
Enter the coordinates: > > 1 2
---------
|   X X |
|       |
| O     |
---------
---------
|   X X |
|       |
| O O   |
---------
Enter the coordinates: > > 1 1
---------
| X X X |
|       |
| O O   |
---------
X wins
---------
|       |
|       |
|       |
---------
Enter the coordinates: > > 3 3
---------
|       |
|       |
|     X |
---------
---------
| O     |
|       |
|     X |
---------
Enter the coordinates: > > 2 1
---------
| O     |
| X     |
|     X |
---------
---------
| O     |
| X   O |
|     X |
---------
Enter the coordinates: > > 2 2
---------
| O     |
| X X O |
|     X |
---------
---------
| O O   |
| X X O |
|     X |
---------
Enter the coordinates: > > 1 1
This cell is occupied! Choose another one!
Enter the coordinates: > > 1 2
This cell is occupied! Choose another one!
Enter the coordinates: > > 1 3
---------
| O O X |
| X X O |
|     X |
---------
---------
| O O X |
| X X O |
| O   X |
---------
Enter the coordinates: > > 3 2
---------
| O O X |
| X X O |
| O X X |
---------
Draw
---------
|       |
|       |
|       |
---------
Enter the coordinates: > > 1 3
---------
|     X |
|       |
|       |
---------
---------
|     X |
|     O |
|       |
---------
Enter the coordinates: > > 3 1
---------
|     X |
|     O |
| X     |
---------
---------
| O   X |
|     O |
| X     |
---------
Enter the coordinates: > > 3 3
---------
| O   X |
|     O |
| X   X |
---------
---------
| O   X |
| O   O |
| X   X |
---------
Enter the coordinates: > > 1 1
This cell is occupied! Choose another one!
Enter the coordinates: > > 2 3
This cell is occupied! Choose another one!
Enter the coordinates: > > 3 2
---------
| O   X |
| O   O |
| X X X |
---------
X wins
---------
|       |
|       |
|       |
---------
Enter the coordinates: > > 2 1
---------
|       |
| X     |
|       |
---------
---------
|       |
| X     |
|     O |
---------
Enter the coordinates: > > 3 2
---------
|       |
| X     |
|   X O |
---------
---------
|       |
| X O   |
|   X O |
---------
Enter the coordinates: > > 2 2
This cell is occupied! Choose another one!
Enter the coordinates: > > 1 1
---------
| X     |
| X O   |
|   X O |
---------
---------
| X     |
| X O O |
|   X O |
---------
Enter the coordinates: > > 1 2
---------
| X X   |
| X O O |
|   X O |
---------
---------
| X X   |
| X O O |
| O X O |
---------
Enter the coordinates: > > 1 3
---------
| X X X |
| X O O |
| O X O |
---------
X wins
---------
|       |
|       |
|       |
---------
Enter the coordinates: > > 1 2
---------
|   X   |
|       |
|       |
---------
---------
|   X   |
|       |
|     O |
---------
Enter the coordinates: > > 3 3
This cell is occupied! Choose another one!
Enter the coordinates: > > 3 2
---------
|   X   |
|       |
|   X O |
---------
---------
|   X O |
|       |
|   X O |
---------
Enter the coordinates: > > 2 2
---------
|   X O |
|   X   |
|   X O |
---------
X wins
---------
|       |
|       |
|       |
---------
Enter the coordinates: > > 3 2
---------
|       |
|       |
|   X   |
---------
---------
|       |
|     O |
|   X   |
---------
Enter the coordinates: > > 1 1
---------
| X     |
|     O |
|   X   |
---------
---------
| X     |
| O   O |
|   X   |
---------
Enter the coordinates: > > 1 2
---------
| X X   |
| O   O |
|   X   |
---------
---------
| X X O |
| O   O |
|   X   |
---------
Enter the coordinates: > > 1 3
This cell is occupied! Choose another one!
Enter the coordinates: > > 2 1
This cell is occupied! Choose another one!
Enter the coordinates: > > 3 1
---------
| X X O |
| O   O |
| X X   |
---------
---------
| X X O |
| O O O |
| X X   |
---------
O wins
---------
|       |
|       |
|       |
---------
Enter the coordinates: > > 1 2
---------
|   X   |
|       |
|       |
---------
---------
|   X   |
|       |
|     O |
---------
Enter the coordinates: > > 1 1
---------
| X X   |
|       |
|     O |
---------
---------
| X X   |
|   O   |
|     O |
---------
Enter the coordinates: > > 2 1
---------
| X X   |
| X O   |
|     O |
---------
---------
| X X   |
| X O   |
| O   O |
---------
Enter the coordinates: > > 3 3
This cell is occupied! Choose another one!
Enter the coordinates: > > 2 2
This cell is occupied! Choose another one!
Enter the coordinates: > > 2 3
---------
| X X   |
| X O X |
| O   O |
---------
---------
| X X   |
| X O X |
| O O O |
---------
O wins
---------
|       |
|       |
|       |
---------
Enter the coordinates: > > 3 2
---------
|       |
|       |
|   X   |
---------
---------
| O     |
|       |
|   X   |
---------
Enter the coordinates: > > 1 2
---------
| O X   |
|       |
|   X   |
---------
---------
| O X O |
|       |
|   X   |
---------
Enter the coordinates: > > 3 3
---------
| O X O |
|       |
|   X X |
---------
---------
| O X O |
|       |
| O X X |
---------
Enter the coordinates: > > 2 1
---------
| O X O |
| X     |
| O X X |
---------
---------
| O X O |
| X O   |
| O X X |
---------
O wins
---------
|       |
|       |
|       |
---------
Enter the coordinates: > > 1 2
---------
|   X   |
|       |
|       |
---------
---------
|   X   |
|   O   |
|       |
---------
Enter the coordinates: > > 1 1
---------
| X X   |
|   O   |
|       |
---------
---------
| X X   |
|   O   |
|     O |
---------
Enter the coordinates: > > 3 1
---------
| X X   |
|   O   |
| X   O |
---------
---------
| X X   |
|   O O |
| X   O |
---------
Enter the coordinates: > > 1 3
---------
| X X X |
|   O O |
| X   O |
---------
X wins
---------
|       |
|       |
|       |
---------
Enter the coordinates: > > 3 2
---------
|       |
|       |
|   X   |
---------
---------
|       |
|       |
| O X   |
---------
Enter the coordinates: > > 1 1
---------
| X     |
|       |
| O X   |
---------
---------
| X     |
|   O   |
| O X   |
---------
Enter the coordinates: > > 2 2
This cell is occupied! Choose another one!
Enter the coordinates: > > 1 2
---------
| X X   |
|   O   |
| O X   |
---------
---------
| X X   |
| O O   |
| O X   |
---------
Enter the coordinates: > > 3 3
---------
| X X   |
| O O   |
| O X X |
---------
---------
| X X   |
| O O O |
| O X X |
---------
O wins
---------
|       |
|       |
|       |
---------
Enter the coordinates: > > 1 3
---------
|     X |
|       |
|       |
---------
---------
|   O X |
|       |
|       |
---------
Enter the coordinates: > > 3 2
---------
|   O X |
|       |
|   X   |
---------
---------
|   O X |
| O     |
|   X   |
---------
Enter the coordinates: > > 3 3
---------
|   O X |
| O     |
|   X X |
---------
---------
|   O X |
| O O   |
|   X X |
---------
Enter the coordinates: > > 2 3
---------
|   O X |
| O O X |
|   X X |
---------
X wins
---------
|       |
|       |
|       |
---------
Enter the coordinates: > > 2 2
---------
|       |
|   X   |
|       |
---------
---------
|       |
|   X   |
|     O |
---------
Enter the coordinates: > > 2 3
---------
|       |
|   X X |
|     O |
---------
---------
|     O |
|   X X |
|     O |
---------
Enter the coordinates: > > 1 2
---------
|   X O |
|   X X |
|     O |
---------
---------
|   X O |
|   X X |
| O   O |
---------
Enter the coordinates: > > 3 2
---------
|   X O |
|   X X |
| O X O |
---------
X wins
---------
|       |
|       |
|       |
---------
Enter the coordinates: > > 1 1
---------
| X     |
|       |
|       |
---------
---------
| X     |
|       |
| O     |
---------
Enter the coordinates: > > 1 3
---------
| X   X |
|       |
| O     |
---------
---------
| X   X |
|   O   |
| O     |
---------
Enter the coordinates: > > 1 2
---------
| X X X |
|   O   |
| O     |
---------
X wins
---------
|       |
|       |
|       |
---------
Enter the coordinates: > > 3 3
---------
|       |
|       |
|     X |
---------
---------
|       |
|   O   |
|     X |
---------
Enter the coordinates: > > 2 3
---------
|       |
|   O X |
|     X |
---------
---------
|       |
| O O X |
|     X |
---------
Enter the coordinates: > > 2 2
This cell is occupied! Choose another one!
Enter the coordinates: > > 1 3
---------
|     X |
| O O X |
|     X |
---------
X wins
---------
|       |
|       |
|       |
---------
Enter the coordinates: > > 1 3
---------
|     X |
|       |
|       |
---------
---------
|     X |
|     O |
|       |
---------
Enter the coordinates: > > 3 3
---------
|     X |
|     O |
|     X |
---------
---------
|     X |
|   O O |
|     X |
---------
Enter the coordinates: > > 2 2
This cell is occupied! Choose another one!
Enter the coordinates: > > 3 2
---------
|     X |
|   O O |
|   X X |
---------
---------
|     X |
|   O O |
| O X X |
---------
Enter the coordinates: > > 1 2
---------
|   X X |
|   O O |
| O X X |
---------
---------
| O X X |
|   O O |
| O X X |
---------
Enter the coordinates: > > 2 1
---------
| O X X |
| X O O |
| O X X |
---------
Draw
---------
|       |
|       |
|       |
---------
Enter the coordinates: > > 2 3
---------
|       |
|     X |
|       |
---------
---------
|       |
|     X |
| O     |
---------
Enter the coordinates: > > 2 1
---------
|       |
| X   X |
| O     |
---------
---------
|     O |
| X   X |
| O     |
---------
Enter the coordinates: > > 3 2
---------
|     O |
| X   X |
| O X   |
---------
---------
|     O |
| X O X |
| O X   |
---------
O wins
---------
|       |
|       |
|       |
---------
Enter the coordinates: > > 1 3
---------
|     X |
|       |
|       |
---------
---------
|     X |
|       |
|     O |
---------
Enter the coordinates: > > 2 1
---------
|     X |
| X     |
|     O |
---------
---------
| O   X |
| X     |
|     O |
---------
Enter the coordinates: > > 2 3
---------
| O   X |
| X   X |
|     O |
---------
---------
| O O X |
| X   X |
|     O |
---------
Enter the coordinates: > > 3 1
---------
| O O X |
| X   X |
| X   O |
---------
---------
| O O X |
| X O X |
| X   O |
---------
O wins
---------
|       |
|       |
|       |
---------
Enter the coordinates: > > 3 3
---------
|       |
|       |
|     X |
---------
---------
|       |
|       |
| O   X |
---------
Enter the coordinates: > > 1 1
---------
| X     |
|       |
| O   X |
---------
---------
| X     |
|       |
| O O X |
---------
Enter the coordinates: > > 1 3
---------
| X   X |
|       |
| O O X |
---------
---------
| X O X |
|       |
| O O X |
---------
Enter the coordinates: > > 2 2
---------
| X O X |
|   X   |
| O O X |
---------
X wins
---------
|       |
|       |
|       |
---------
Enter the coordinates: > > 2 1
---------
|       |
| X     |
|       |
---------
---------
|   O   |
| X     |
|       |
---------
Enter the coordinates: > > 2 2
---------
|   O   |
| X X   |
|       |
---------
---------
| O O   |
| X X   |
|       |
---------
Enter the coordinates: > > 3 2
---------
| O O   |
| X X   |
|   X   |
---------
---------
| O O O |
| X X   |
|   X   |
---------
O wins
---------
|       |
|       |
|       |
---------
Enter the coordinates: > > 2 1
---------
|       |
| X     |
|       |
---------
---------
|       |
| X   O |
|       |
---------
Enter the coordinates: > > 1 1
---------
| X     |
| X   O |
|       |
---------
---------
| X   O |
| X   O |
|       |
---------
Enter the coordinates: > > 2 2
---------
| X   O |
| X X O |
|       |
---------
---------
| X O O |
| X X O |
|       |
---------
Enter the coordinates: > > 1 3
This cell is occupied! Choose another one!
Enter the coordinates: > > 3 3
---------
| X O O |
| X X O |
|     X |
---------
X wins
---------
|       |
|       |
|       |
---------
Enter the coordinates: > > 1 2
---------
|   X   |
|       |
|       |
---------
---------
|   X   |
| O     |
|       |
---------
Enter the coordinates: > > 1 3
---------
|   X X |
| O     |
|       |
---------
---------
| O X X |
| O     |
|       |
---------
Enter the coordinates: > > 3 3
---------
| O X X |
| O     |
|     X |
---------
---------
| O X X |
| O O   |
|     X |
---------
Enter the coordinates: > > 3 2
---------
| O X X |
| O O   |
|   X X |
---------
---------
| O X X |
| O O O |
|   X X |
---------
O wins
---------
|       |
|       |
|       |
---------
Enter the coordinates: > > 1 3
---------
|     X |
|       |
|       |
---------
---------
|     X |
|   O   |
|       |
---------
Enter the coordinates: > > 3 1
---------
|     X |
|   O   |
| X     |
---------
---------
| O   X |
|   O   |
| X     |
---------
Enter the coordinates: > > 2 2
This cell is occupied! Choose another one!
Enter the coordinates: > > 2 1
---------
| O   X |
| X O   |
| X     |
---------
---------
| O   X |
| X O   |
| X O   |
---------
Enter the coordinates: > > 1 1
This cell is occupied! Choose another one!
Enter the coordinates: > > 3 3
---------
| O   X |
| X O   |
| X O X |
---------
---------
| O   X |
| X O O |
| X O X |
---------
Enter the coordinates: > > 2 3
This cell is occupied! Choose another one!
Enter the coordinates: > > 3 2
This cell is occupied! Choose another one!
Enter the coordinates: > > 1 2
---------
| O X X |
| X O O |
| X O X |
---------
Draw
---------
|       |
|       |
|       |
---------
Enter the coordinates: > > 1 3
---------
|     X |
|       |
|       |
---------
---------
|     X |
|   O   |
|       |
---------
Enter the coordinates: > > 3 3
---------
|     X |
|   O   |
|     X |
---------
---------
| O   X |
|   O   |
|     X |
---------
Enter the coordinates: > > 1 2
---------
| O X X |
|   O   |
|     X |
---------
---------
| O X X |
| O O   |
|     X |
---------
Enter the coordinates: > > 2 2
This cell is occupied! Choose another one!
Enter the coordinates: > > 2 3
---------
| O X X |
| O O X |
|     X |
---------
X wins
---------
|       |
|       |
|       |
---------
Enter the coordinates: > > 3 2
---------
|       |
|       |
|   X   |
---------
---------
|       |
|       |
|   X O |
---------
Enter the coordinates: > > 1 2
---------
|   X   |
|       |
|   X O |
---------
---------
| O X   |
|       |
|   X O |
---------
Enter the coordinates: > > 2 2
---------
| O X   |
|   X   |
|   X O |
---------
X wins
---------
|       |
|       |
|       |
---------
Enter the coordinates: > > 1 2
---------
|   X   |
|       |
|       |
---------
---------
| O X   |
|       |
|       |
---------
Enter the coordinates: > > 3 1
---------
| O X   |
|       |
| X     |
---------
---------
| O X   |
|       |
| X   O |
---------
Enter the coordinates: > > 3 2
---------
| O X   |
|       |
| X X O |
---------
---------
| O X   |
|     O |
| X X O |
---------
Enter the coordinates: > > 1 3
---------
| O X X |
|     O |
| X X O |
---------
---------
| O X X |
| O   O |
| X X O |
---------
Enter the coordinates: > > 2 3
This cell is occupied! Choose another one!
Enter the coordinates: > > 1 1
This cell is occupied! Choose another one!
Enter the coordinates: > > 2 1
This cell is occupied! Choose another one!
Enter the coordinates: > > 3 3
This cell is occupied! Choose another one!
Enter the coordinates: > > 2 2
---------
| O X X |
| O X O |
| X X O |
---------
X wins
---------
|       |
|       |
|       |
---------
Enter the coordinates: > > 1 3
---------
|     X |
|       |
|       |
---------
---------
| O   X |
|       |
|       |
---------
Enter the coordinates: > > 2 2
---------
| O   X |
|   X   |
|       |
---------
---------
| O O X |
|   X   |
|       |
---------
Enter the coordinates: > > 3 1
---------
| O O X |
|   X   |
| X     |
---------
X wins
---------
|       |
|       |
|       |
---------
Enter the coordinates: > > 3 2
---------
|       |
|       |
|   X   |
---------
---------
|       |
|   O   |
|   X   |
---------
Enter the coordinates: > > 2 2
This cell is occupied! Choose another one!
Enter the coordinates: > > 1 1
---------
| X     |
|   O   |
|   X   |
---------
---------
| X     |
|   O   |
| O X   |
---------
Enter the coordinates: > > 2 3
---------
| X     |
|   O X |
| O X   |
---------
---------
| X     |
|   O X |
| O X O |
---------
Enter the coordinates: > > 2 1
---------
| X     |
| X O X |
| O X O |
---------
---------
| X   O |
| X O X |
| O X O |
---------
O wins
---------
|       |
|       |
|       |
---------
Enter the coordinates: > > 1 1
---------
| X     |
|       |
|       |
---------
---------
| X     |
| O     |
|       |
---------
Enter the coordinates: > > 3 1
---------
| X     |
| O     |
| X     |
---------
---------
| X     |
| O   O |
| X     |
---------
Enter the coordinates: > > 1 2
---------
| X X   |
| O   O |
| X     |
---------
---------
| X X   |
| O   O |
| X   O |
---------
Enter the coordinates: > > 3 2
---------
| X X   |
| O   O |
| X X O |
---------
---------
| X X O |
| O   O |
| X X O |
---------
O wins
---------
|       |
|       |
|       |
---------
Enter the coordinates: > > 2 2
---------
|       |
|   X   |
|       |
---------
---------
| O     |
|   X   |
|       |
---------
Enter the coordinates: > > 1 3
---------
| O   X |
|   X   |
|       |
---------
---------
| O O X |
|   X   |
|       |
---------
Enter the coordinates: > > 1 1
This cell is occupied! Choose another one!
Enter the coordinates: > > 3 3
---------
| O O X |
|   X   |
|     X |
---------
---------
| O O X |
|   X O |
|     X |
---------
Enter the coordinates: > > 2 3
This cell is occupied! Choose another one!
Enter the coordinates: > > 2 1
---------
| O O X |
| X X O |
|     X |
---------
---------
| O O X |
| X X O |
|   O X |
---------
Enter the coordinates: > > 3 1
---------
| O O X |
| X X O |
| X O X |
---------
X wins
]]></system-out>
  <system-err><![CDATA[]]></system-err>
</testsuite>
